/*C52*/SET SCHEMA PUBLIC
INSERT INTO SOLICITANTE VALUES(23,'ff')
COMMIT
INSERT INTO SOLICITANTE VALUES(24,'ss')
COMMIT
INSERT INTO SOLICITANTE VALUES(25,'aa')
COMMIT
INSERT INTO SOLICITANTE VALUES(26,'bb')
COMMIT
INSERT INTO SOLICITANTE VALUES(27,'aa')
COMMIT
INSERT INTO SOLICITANTE VALUES(28,'gggf')
COMMIT
INSERT INTO SOLICITANTE VALUES(29,'gggg')
COMMIT
DISCONNECT
/*C53*/SET SCHEMA PUBLIC
DISCONNECT
/*C54*/SET SCHEMA PUBLIC
DISCONNECT
/*C55*/SET SCHEMA PUBLIC
DISCONNECT
/*C56*/SET SCHEMA PUBLIC
DISCONNECT
/*C57*/SET SCHEMA PUBLIC
DISCONNECT
/*C58*/SET SCHEMA PUBLIC
DISCONNECT
/*C59*/SET SCHEMA PUBLIC
DISCONNECT
/*C60*/SET SCHEMA PUBLIC
DISCONNECT
/*C61*/SET SCHEMA PUBLIC
DISCONNECT
